<?xml version="1.0" encoding="UTF-8"?>
<!-- Generated by org.testng.reporters.JUnitXMLReporter -->
<testsuite ignored="0" hostname="DESKTOP-6FM5GAH" failures="0" tests="1" name="Test-Runner-Edge" time="25.057" errors="0" timestamp="2023-10-14T17:54:05 IST">
  <testcase classname="com.organization.OrganizationTest" name="OrganizationPage1" time="11.187"/>
</testsuite> <!-- Test-Runner-Edge -->
