<?xml version="1.0" encoding="UTF-8"?>
<!-- Generated by org.testng.reporters.JUnitReportReporter -->
<testsuite hostname="DESKTOP-6FM5GAH" failures="0" tests="7" name="com.organization.ReadMultipleDataProvider" time="165.626" errors="0" timestamp="2023-10-08T12:16:45 IST" skipped="0">
  <testcase classname="com.organization.ReadMultipleDataProvider" name="readmultipledata" time="23.260">
    <system-out>
      <![CDATA[Energy]]>
    </system-out>
  </testcase> <!-- readmultipledata -->
  <testcase classname="com.organization.ReadMultipleDataProvider" name="readmultipledata" time="23.574">
    <system-out>
      <![CDATA[Government]]>
    </system-out>
  </testcase> <!-- readmultipledata -->
  <testcase classname="com.organization.ReadMultipleDataProvider" name="readmultipledata" time="25.685">
    <system-out>
      <![CDATA[Education]]>
    </system-out>
  </testcase> <!-- readmultipledata -->
  <testcase classname="com.organization.ReadMultipleDataProvider" name="readmultipledata" time="23.322">
    <system-out>
      <![CDATA[Healthcare]]>
    </system-out>
  </testcase> <!-- readmultipledata -->
  <testcase classname="com.organization.ReadMultipleDataProvider" name="readmultipledata" time="23.129">
    <system-out>
      <![CDATA[Engineering]]>
    </system-out>
  </testcase> <!-- readmultipledata -->
  <testcase classname="com.organization.ReadMultipleDataProvider" name="readmultipledata" time="23.193">
    <system-out>
      <![CDATA[Finance]]>
    </system-out>
  </testcase> <!-- readmultipledata -->
  <testcase classname="com.organization.ReadMultipleDataProvider" name="readmultipledata" time="23.463">
    <system-out>
      <![CDATA[Electronics]]>
    </system-out>
  </testcase> <!-- readmultipledata -->
  <system-out>
    <![CDATA[Education
Electronics
Energy
Finance
Engineering
Government
Healthcare]]>
  </system-out>
</testsuite> <!-- com.organization.ReadMultipleDataProvider -->
