<?xml version="1.0" encoding="UTF-8"?>
<!-- Generated by org.testng.reporters.JUnitReportReporter -->
<testsuite hostname="DESKTOP-6FM5GAH" failures="0" tests="4" name="com.practiceExcercise.MyPractice" time="0.017" errors="0" timestamp="2023-10-02T10:22:13 IST" skipped="0">
  <testcase classname="com.practiceExcercise.MyPractice" name="dataProvider" time="0.002"/>
  <testcase classname="com.practiceExcercise.MyPractice" name="dataProvider" time="0.002"/>
  <testcase classname="com.practiceExcercise.MyPractice" name="dataProvider" time="0.002"/>
  <testcase classname="com.practiceExcercise.MyPractice" name="dataProvider" time="0.011"/>
</testsuite> <!-- com.practiceExcercise.MyPractice -->
