<?xml version="1.0" encoding="UTF-8"?>
<!-- Generated by org.testng.reporters.JUnitReportReporter -->
<testsuite hostname="DESKTOP-6FM5GAH" failures="0" tests="2" name="com.organization.OrganizationTest" time="30.433" errors="0" timestamp="2023-10-14T17:54:06 IST" skipped="0">
  <testcase classname="com.organization.OrganizationTest" name="OrganizationPage1" time="15.097">
    <system-out>
      <![CDATA[All States-537264033]]>
    </system-out>
  </testcase> <!-- OrganizationPage1 -->
  <testcase classname="com.organization.OrganizationTest" name="OrganizationPage1" time="15.336">
    <system-out>
      <![CDATA[All States1068390516]]>
    </system-out>
  </testcase> <!-- OrganizationPage1 -->
  <system-out>
    <![CDATA[All States-537264033
All States1068390516]]>
  </system-out>
</testsuite> <!-- com.organization.OrganizationTest -->
