<?xml version="1.0" encoding="UTF-8"?>
<!-- Generated by org.testng.reporters.JUnitReportReporter -->
<testsuite hostname="DESKTOP-6FM5GAH" failures="0" tests="1" name="com.practiceExcercise.ReadDataFromCMDLine" time="0.008" errors="0" timestamp="2023-10-08T17:56:07 IST" skipped="0">
  <testcase classname="com.practiceExcercise.ReadDataFromCMDLine" name="readData" time="0.008"/>
</testsuite> <!-- com.practiceExcercise.ReadDataFromCMDLine -->
