<?xml version="1.0" encoding="UTF-8"?>
<!-- Generated by org.testng.reporters.JUnitReportReporter -->
<testsuite hostname="DESKTOP-6FM5GAH" failures="0" tests="1" name="com.organization.OrganizationTest" time="10.642" errors="0" timestamp="2023-10-12T13:29:24 IST" skipped="0">
  <testcase classname="com.organization.OrganizationTest" name="OrganizationPage1" time="10.642">
    <system-out>
      <![CDATA[All States2127927385]]>
    </system-out>
  </testcase> <!-- OrganizationPage1 -->
  <system-out>
    <![CDATA[All States2127927385]]>
  </system-out>
</testsuite> <!-- com.organization.OrganizationTest -->
